G00001,1,0123,0A3B
G00001,2,1034,1A2B
G00001,3,1240,0A3B
G00001,4,2304,4A0B
G00002,1,0123,0A2B
G00002,2,1045,0A1B
G00002,3,2356,1A0B
G00002,4,2708,3A0B
G00002,5,2709,4A0B
G00003,1,0123,1A2B
G00003,2,0214,0A3B
G00003,3,1025,1A3B
G00003,4,2105,4A0B
G00004,1,0123,0A2B
G00004,2,1045,0A2B
G00004,3,2354,2A0B
G00004,4,2604,3A0B
G00004,5,2614,2A0B
G00004,6,2704,3A0B
G00004,7,2804,4A0B
G00005,1,0123,0A2B
G00005,2,1045,0A1B
G00005,3,2356,1A1B
G00005,4,2437,1A0B
G00005,5,2608,3A0B
G00005,6,2609,4A0B
G00006,1,0123,2A0B
G00006,2,0145,1A0B
G00006,3,0627,0A1B
G00006,4,6183,2A2B
G00006,5,8163,4A0B
G00007,1,0123,0A2B
G00007,2,1045,1A2B
G00007,3,1254,0A2B
G00007,4,3405,0A4B
G00007,5,5340,4A0B
G00008,1,0123,0A2B
G00008,2,1045,2A0B
G00008,3,1067,2A1B
G00008,4,1078,4A0B
G00009,1,0123,0A1B
G00009,2,1456,0A2B
G00009,3,2547,0A1B
G00009,4,3684,1A2B
G00009,5,3865,4A0B
G00010,1,0123,1A1B
G00010,2,0245,2A1B
G00010,3,0256,1A1B
G00010,4,0415,1A3B
G00010,5,0541,4A0B
G00011,1,0123,2A0B
G00011,2,0145,1A0B
G00011,3,0627,0A1B
G00011,4,6183,2A1B
G00011,5,8173,4A0B
G00012,1,0123,0A2B
G00012,2,1045,0A2B
G00012,3,2354,1A1B
G00012,4,2406,0A2B
G00012,5,3614,0A2B
G00012,6,4370,2A0B
G00012,7,5360,4A0B
